<?xml version="1.0" encoding="UTF-8"?>
<!-- Generated by org.testng.reporters.JUnitXMLReporter -->
<testsuite ignored="2" hostname="LAPTOP-RLPANHF6" failures="1" tests="1" name="Test" time="25.878" errors="0" timestamp="2021-08-26T11:01:26 IST">
  <testcase classname="com.vtiger.comcast.productstest.SearchProductTest" name="searchProduct" time="9.832">
    <failure type="java.lang.AssertionError" message="expected [true] but found [false]">
      <![CDATA[java.lang.AssertionError: expected [true] but found [false]
at com.vtiger.comcast.productstest.SearchProductTest.searchProduct(SearchProductTest.java:39)
at java.base/java.util.ArrayList.forEach(ArrayList.java:1507)
... Removed 31 stack frames]]>
    </failure>
  </testcase> <!-- searchProduct -->
  <testcase classname="com.vtiger.comcast.productstest.CreateProduct1Test" name="quickCreateProTest" time="0.0">
    <ignored/>
  </testcase> <!-- quickCreateProTest -->
  <testcase classname="com.vtiger.comcast.productstest.CreateProduct1Test" name="createProTest" time="0.0">
    <ignored/>
  </testcase> <!-- createProTest -->
</testsuite> <!-- Test -->
